2024-02-22 02:34:34,656 - INFO - Received recommendation request for user_id: user_49, user_input: Suggest me some rpg games with open world
2024-02-22 02:34:35,606 - INFO - Calculating recommendations for user user_49...
2024-02-22 02:34:37,097 - INFO - Recommendations calculated successfully.
2024-02-22 02:34:39,151 - INFO - Prompt prepared successfully.
2024-02-22 02:35:32,562 - INFO - Text recommendation retrieved successfully.
2024-02-22 02:38:14,540 - INFO - Calculating games embeddings...
2024-02-22 02:38:15,667 - INFO - Calculating users embeddings...
2024-02-22 02:38:28,955 - INFO - Embeddings saved
2024-02-22 02:38:31,133 - INFO - Calculating recommendations for user user_1...
2024-02-22 02:38:31,397 - INFO - Recommendations calculated successfully.
2024-02-22 02:38:32,232 - INFO - Calculating recommendations for user user_2...
2024-02-22 02:38:32,497 - INFO - Recommendations calculated successfully.
2024-02-22 02:38:33,468 - INFO - Calculating recommendations for user user_3...
2024-02-22 02:38:33,736 - INFO - Recommendations calculated successfully.
2024-02-22 02:38:34,618 - INFO - Calculating recommendations for user user_4...
2024-02-22 02:38:34,882 - INFO - Recommendations calculated successfully.
2024-02-22 02:38:35,846 - INFO - Calculating recommendations for user user_5...
2024-02-22 02:38:36,106 - INFO - Recommendations calculated successfully.
2024-02-22 02:38:37,059 - INFO - Calculating recommendations for user user_6...
2024-02-22 02:38:37,360 - INFO - Recommendations calculated successfully.
2024-02-22 02:38:38,252 - INFO - Calculating recommendations for user user_7...
2024-02-22 02:38:38,516 - INFO - Recommendations calculated successfully.
2024-02-22 02:38:39,385 - INFO - Calculating recommendations for user user_8...
2024-02-22 02:38:39,650 - INFO - Recommendations calculated successfully.
2024-02-22 02:38:40,553 - INFO - Calculating recommendations for user user_9...
2024-02-22 02:38:40,815 - INFO - Recommendations calculated successfully.
2024-02-22 02:38:41,715 - INFO - Calculating recommendations for user user_10...
2024-02-22 02:38:41,984 - INFO - Recommendations calculated successfully.
2024-02-22 02:38:42,950 - INFO - Calculating recommendations for user user_11...
2024-02-22 02:38:43,213 - INFO - Recommendations calculated successfully.
2024-02-22 02:38:44,080 - INFO - Calculating recommendations for user user_12...
2024-02-22 02:38:44,336 - INFO - Recommendations calculated successfully.
2024-02-22 02:38:45,200 - INFO - Calculating recommendations for user user_13...
2024-02-22 02:38:45,456 - INFO - Recommendations calculated successfully.
2024-02-22 02:38:46,416 - INFO - Calculating recommendations for user user_14...
2024-02-22 02:38:46,681 - INFO - Recommendations calculated successfully.
2024-02-22 02:38:47,545 - INFO - Calculating recommendations for user user_15...
2024-02-22 02:38:47,804 - INFO - Recommendations calculated successfully.
2024-02-22 02:38:48,778 - INFO - Calculating recommendations for user user_16...
2024-02-22 02:38:49,034 - INFO - Recommendations calculated successfully.
2024-02-22 02:38:50,586 - INFO - Calculating recommendations for user user_17...
2024-02-22 02:38:50,843 - INFO - Recommendations calculated successfully.
2024-02-22 02:38:51,781 - INFO - Calculating recommendations for user user_18...
2024-02-22 02:38:52,040 - INFO - Recommendations calculated successfully.
2024-02-22 02:38:52,968 - INFO - Calculating recommendations for user user_19...
2024-02-22 02:38:53,231 - INFO - Recommendations calculated successfully.
2024-02-22 02:38:54,290 - INFO - Calculating recommendations for user user_20...
2024-02-22 02:38:54,547 - INFO - Recommendations calculated successfully.
2024-02-22 02:38:55,424 - INFO - Calculating recommendations for user user_21...
2024-02-22 02:38:55,681 - INFO - Recommendations calculated successfully.
2024-02-22 02:38:56,544 - INFO - Calculating recommendations for user user_22...
2024-02-22 02:38:56,805 - INFO - Recommendations calculated successfully.
2024-02-22 02:38:57,988 - INFO - Calculating recommendations for user user_23...
2024-02-22 02:38:58,275 - INFO - Recommendations calculated successfully.
2024-02-22 02:38:59,135 - INFO - Calculating recommendations for user user_24...
2024-02-22 02:38:59,396 - INFO - Recommendations calculated successfully.
2024-02-22 02:39:00,267 - INFO - Calculating recommendations for user user_25...
2024-02-22 02:39:00,520 - INFO - Recommendations calculated successfully.
2024-02-22 02:39:01,682 - INFO - Calculating recommendations for user user_26...
2024-02-22 02:39:01,937 - INFO - Recommendations calculated successfully.
2024-02-22 02:39:02,967 - INFO - Calculating recommendations for user user_27...
2024-02-22 02:39:03,233 - INFO - Recommendations calculated successfully.
2024-02-22 02:39:04,210 - INFO - Calculating recommendations for user user_28...
2024-02-22 02:39:04,475 - INFO - Recommendations calculated successfully.
2024-02-22 02:39:05,388 - INFO - Calculating recommendations for user user_29...
2024-02-22 02:39:05,662 - INFO - Recommendations calculated successfully.
2024-02-22 02:39:06,635 - INFO - Calculating recommendations for user user_30...
2024-02-22 02:39:06,900 - INFO - Recommendations calculated successfully.
2024-02-22 02:39:07,766 - INFO - Calculating recommendations for user user_31...
2024-02-22 02:39:08,041 - INFO - Recommendations calculated successfully.
2024-02-22 02:39:09,019 - INFO - Calculating recommendations for user user_32...
2024-02-22 02:39:09,284 - INFO - Recommendations calculated successfully.
2024-02-22 02:39:10,147 - INFO - Calculating recommendations for user user_33...
2024-02-22 02:39:10,400 - INFO - Recommendations calculated successfully.
2024-02-22 02:39:11,249 - INFO - Calculating recommendations for user user_34...
2024-02-22 02:39:11,513 - INFO - Recommendations calculated successfully.
2024-02-22 02:39:12,377 - INFO - Calculating recommendations for user user_35...
2024-02-22 02:39:12,647 - INFO - Recommendations calculated successfully.
2024-02-22 02:39:13,511 - INFO - Calculating recommendations for user user_36...
2024-02-22 02:39:13,779 - INFO - Recommendations calculated successfully.
2024-02-22 02:39:14,641 - INFO - Calculating recommendations for user user_37...
2024-02-22 02:39:14,903 - INFO - Recommendations calculated successfully.
2024-02-22 02:39:15,855 - INFO - Calculating recommendations for user user_38...
2024-02-22 02:39:16,112 - INFO - Recommendations calculated successfully.
2024-02-22 02:39:17,103 - INFO - Calculating recommendations for user user_39...
2024-02-22 02:39:17,362 - INFO - Recommendations calculated successfully.
2024-02-22 02:39:18,222 - INFO - Calculating recommendations for user user_40...
2024-02-22 02:39:18,486 - INFO - Recommendations calculated successfully.
2024-02-22 02:39:19,443 - INFO - Calculating recommendations for user user_41...
2024-02-22 02:39:19,705 - INFO - Recommendations calculated successfully.
2024-02-22 02:39:20,569 - INFO - Calculating recommendations for user user_42...
2024-02-22 02:39:20,832 - INFO - Recommendations calculated successfully.
2024-02-22 02:39:21,729 - INFO - Calculating recommendations for user user_43...
2024-02-22 02:39:22,034 - INFO - Recommendations calculated successfully.
2024-02-22 02:39:22,898 - INFO - Calculating recommendations for user user_44...
2024-02-22 02:39:23,154 - INFO - Recommendations calculated successfully.
2024-02-22 02:39:24,005 - INFO - Calculating recommendations for user user_45...
2024-02-22 02:39:24,268 - INFO - Recommendations calculated successfully.
2024-02-22 02:39:25,155 - INFO - Calculating recommendations for user user_46...
2024-02-22 02:39:25,420 - INFO - Recommendations calculated successfully.
2024-02-22 02:39:26,332 - INFO - Calculating recommendations for user user_47...
2024-02-22 02:39:26,620 - INFO - Recommendations calculated successfully.
2024-02-22 02:39:27,679 - INFO - Calculating recommendations for user user_48...
2024-02-22 02:39:27,990 - INFO - Recommendations calculated successfully.
2024-02-22 02:39:28,906 - INFO - Calculating recommendations for user user_49...
2024-02-22 02:39:29,188 - INFO - Recommendations calculated successfully.
2024-02-22 02:39:30,059 - INFO - Calculating recommendations for user user_50...
2024-02-22 02:39:30,318 - INFO - Recommendations calculated successfully.
2024-02-25 00:03:07,523 - INFO - Processing games data...
2024-02-25 00:03:07,532 - INFO - Games data processing complete.
2024-02-25 00:03:07,545 - INFO - Processing mean rating...
2024-02-25 00:03:07,547 - INFO - Mean rating processing complete.
2024-02-25 00:03:07,560 - INFO - Processing users data...
2024-02-25 00:03:07,567 - INFO - Users data processing complete.
2024-02-25 00:03:07,581 - INFO - Processing users history data...
2024-02-25 00:03:07,582 - INFO - Users history data processing complete.
2024-02-25 00:03:07,583 - INFO - Prompt prepared successfully.
2024-02-25 00:04:13,181 - INFO - Processing games data...
2024-02-25 00:04:13,189 - INFO - Games data processing complete.
2024-02-25 00:04:13,204 - INFO - Processing mean rating...
2024-02-25 00:04:13,206 - INFO - Mean rating processing complete.
2024-02-25 00:04:13,221 - INFO - Processing users data...
2024-02-25 00:04:13,225 - INFO - Users data processing complete.
2024-02-25 00:04:13,239 - INFO - Processing users history data...
2024-02-25 00:04:13,240 - INFO - Users history data processing complete.
2024-02-25 00:04:13,242 - INFO - Prompt prepared successfully.
2024-02-25 00:15:19,142 - INFO - Processing users data...
2024-02-25 00:15:19,175 - INFO - Users data processing complete.
2024-02-25 00:15:19,175 - INFO - Processing games data...
2024-02-25 00:15:19,183 - INFO - Games data processing complete.
2024-02-25 00:15:19,183 - INFO - Processing users history data...
2024-02-25 00:15:19,189 - INFO - Users history data processing complete.
2024-02-25 00:15:19,189 - INFO - Processing mean rating...
2024-02-25 00:15:19,194 - INFO - Mean rating processing complete.
2024-02-25 00:15:41,477 - INFO - Calculating games embeddings...
2024-02-25 00:15:42,594 - INFO - Calculating users embeddings...
2024-02-25 00:15:55,904 - INFO - Embeddings saved
2024-02-25 00:15:57,713 - INFO - Calculating recommendations for user user_1...
2024-02-25 00:15:58,011 - INFO - Recommendations calculated successfully.
2024-02-25 00:15:59,194 - INFO - Calculating recommendations for user user_2...
2024-02-25 00:15:59,451 - INFO - Recommendations calculated successfully.
2024-02-25 00:16:00,408 - INFO - Calculating recommendations for user user_3...
2024-02-25 00:16:00,698 - INFO - Recommendations calculated successfully.
2024-02-25 00:16:01,691 - INFO - Calculating recommendations for user user_4...
2024-02-25 00:16:01,964 - INFO - Recommendations calculated successfully.
2024-02-25 00:16:03,063 - INFO - Calculating recommendations for user user_5...
2024-02-25 00:16:03,319 - INFO - Recommendations calculated successfully.
2024-02-25 00:16:04,249 - INFO - Calculating recommendations for user user_6...
2024-02-25 00:16:04,557 - INFO - Recommendations calculated successfully.
2024-02-25 00:16:05,510 - INFO - Calculating recommendations for user user_7...
2024-02-25 00:16:05,804 - INFO - Recommendations calculated successfully.
2024-02-25 00:16:06,828 - INFO - Calculating recommendations for user user_8...
2024-02-25 00:16:07,093 - INFO - Recommendations calculated successfully.
2024-02-25 00:16:08,065 - INFO - Calculating recommendations for user user_9...
2024-02-25 00:16:08,378 - INFO - Recommendations calculated successfully.
2024-02-25 00:16:09,405 - INFO - Calculating recommendations for user user_10...
2024-02-25 00:16:09,673 - INFO - Recommendations calculated successfully.
2024-02-25 00:16:10,696 - INFO - Calculating recommendations for user user_11...
2024-02-25 00:16:10,960 - INFO - Recommendations calculated successfully.
2024-02-25 00:16:11,927 - INFO - Calculating recommendations for user user_12...
2024-02-25 00:16:12,188 - INFO - Recommendations calculated successfully.
2024-02-25 00:16:13,288 - INFO - Calculating recommendations for user user_13...
2024-02-25 00:16:13,542 - INFO - Recommendations calculated successfully.
2024-02-25 00:16:14,483 - INFO - Calculating recommendations for user user_14...
2024-02-25 00:16:14,740 - INFO - Recommendations calculated successfully.
2024-02-25 00:16:15,627 - INFO - Calculating recommendations for user user_15...
2024-02-25 00:16:15,884 - INFO - Recommendations calculated successfully.
2024-02-25 00:16:16,744 - INFO - Calculating recommendations for user user_16...
2024-02-25 00:16:17,007 - INFO - Recommendations calculated successfully.
2024-02-25 00:16:18,098 - INFO - Calculating recommendations for user user_17...
2024-02-25 00:16:18,404 - INFO - Recommendations calculated successfully.
2024-02-25 00:16:19,340 - INFO - Calculating recommendations for user user_18...
2024-02-25 00:16:19,633 - INFO - Recommendations calculated successfully.
2024-02-25 00:16:20,769 - INFO - Calculating recommendations for user user_19...
2024-02-25 00:16:21,044 - INFO - Recommendations calculated successfully.
2024-02-25 00:16:21,954 - INFO - Calculating recommendations for user user_20...
2024-02-25 00:16:22,239 - INFO - Recommendations calculated successfully.
2024-02-25 00:16:23,189 - INFO - Calculating recommendations for user user_21...
2024-02-25 00:16:23,454 - INFO - Recommendations calculated successfully.
2024-02-25 00:16:24,318 - INFO - Calculating recommendations for user user_22...
2024-02-25 00:16:24,578 - INFO - Recommendations calculated successfully.
2024-02-25 00:16:25,563 - INFO - Calculating recommendations for user user_23...
2024-02-25 00:16:25,824 - INFO - Recommendations calculated successfully.
2024-02-25 00:16:26,674 - INFO - Calculating recommendations for user user_24...
2024-02-25 00:16:26,936 - INFO - Recommendations calculated successfully.
2024-02-25 00:16:27,806 - INFO - Calculating recommendations for user user_25...
2024-02-25 00:16:28,064 - INFO - Recommendations calculated successfully.
2024-02-25 00:16:28,930 - INFO - Calculating recommendations for user user_26...
2024-02-25 00:16:29,197 - INFO - Recommendations calculated successfully.
2024-02-25 00:16:30,063 - INFO - Calculating recommendations for user user_27...
2024-02-25 00:16:30,323 - INFO - Recommendations calculated successfully.
2024-02-25 00:16:31,615 - INFO - Calculating recommendations for user user_28...
2024-02-25 00:16:31,872 - INFO - Recommendations calculated successfully.
2024-02-25 00:16:32,716 - INFO - Calculating recommendations for user user_29...
2024-02-25 00:16:32,978 - INFO - Recommendations calculated successfully.
2024-02-25 00:16:33,933 - INFO - Calculating recommendations for user user_30...
2024-02-25 00:16:34,202 - INFO - Recommendations calculated successfully.
2024-02-25 00:16:35,063 - INFO - Calculating recommendations for user user_31...
2024-02-25 00:16:35,313 - INFO - Recommendations calculated successfully.
2024-02-25 00:16:36,515 - INFO - Calculating recommendations for user user_32...
2024-02-25 00:16:36,784 - INFO - Recommendations calculated successfully.
2024-02-25 00:16:37,832 - INFO - Calculating recommendations for user user_33...
2024-02-25 00:16:38,102 - INFO - Recommendations calculated successfully.
2024-02-25 00:16:38,969 - INFO - Calculating recommendations for user user_34...
2024-02-25 00:16:39,230 - INFO - Recommendations calculated successfully.
2024-02-25 00:16:40,185 - INFO - Calculating recommendations for user user_35...
2024-02-25 00:16:40,449 - INFO - Recommendations calculated successfully.
2024-02-25 00:16:41,315 - INFO - Calculating recommendations for user user_36...
2024-02-25 00:16:41,574 - INFO - Recommendations calculated successfully.
2024-02-25 00:16:42,440 - INFO - Calculating recommendations for user user_37...
2024-02-25 00:16:42,710 - INFO - Recommendations calculated successfully.
2024-02-25 00:16:43,569 - INFO - Calculating recommendations for user user_38...
2024-02-25 00:16:43,830 - INFO - Recommendations calculated successfully.
2024-02-25 00:16:44,719 - INFO - Calculating recommendations for user user_39...
2024-02-25 00:16:44,989 - INFO - Recommendations calculated successfully.
2024-02-25 00:16:45,920 - INFO - Calculating recommendations for user user_40...
2024-02-25 00:16:46,183 - INFO - Recommendations calculated successfully.
2024-02-25 00:16:47,154 - INFO - Calculating recommendations for user user_41...
2024-02-25 00:16:47,416 - INFO - Recommendations calculated successfully.
2024-02-25 00:16:48,313 - INFO - Calculating recommendations for user user_42...
2024-02-25 00:16:48,573 - INFO - Recommendations calculated successfully.
2024-02-25 00:16:49,517 - INFO - Calculating recommendations for user user_43...
2024-02-25 00:16:49,789 - INFO - Recommendations calculated successfully.
2024-02-25 00:16:50,642 - INFO - Calculating recommendations for user user_44...
2024-02-25 00:16:50,915 - INFO - Recommendations calculated successfully.
2024-02-25 00:16:51,878 - INFO - Calculating recommendations for user user_45...
2024-02-25 00:16:52,150 - INFO - Recommendations calculated successfully.
2024-02-25 00:16:53,083 - INFO - Calculating recommendations for user user_46...
2024-02-25 00:16:53,344 - INFO - Recommendations calculated successfully.
2024-02-25 00:16:54,226 - INFO - Calculating recommendations for user user_47...
2024-02-25 00:16:54,487 - INFO - Recommendations calculated successfully.
2024-02-25 00:16:55,446 - INFO - Calculating recommendations for user user_48...
2024-02-25 00:16:55,705 - INFO - Recommendations calculated successfully.
2024-02-25 00:16:56,574 - INFO - Calculating recommendations for user user_49...
2024-02-25 00:16:56,835 - INFO - Recommendations calculated successfully.
2024-02-25 00:16:57,706 - INFO - Calculating recommendations for user user_50...
2024-02-25 00:16:57,972 - INFO - Recommendations calculated successfully.
